0 info it worked if it ends with ok
1 verbose cli [ '/Users/tom6947/.nvm/versions/node/v4.4.2/bin/node',
1 verbose cli   '/Users/tom6947/.nvm/versions/node/v4.4.2/bin/npm',
1 verbose cli   'run',
1 verbose cli   'tsc' ]
2 info using npm@2.15.0
3 info using node@v4.4.2
4 verbose run-script [ 'pretsc', 'tsc', 'posttsc' ]
5 info pretsc angular2-esri-playground@1.0.0
6 info tsc angular2-esri-playground@1.0.0
7 verbose unsafe-perm in lifecycle true
8 info angular2-esri-playground@1.0.0 Failed to exec tsc script
9 verbose stack Error: angular2-esri-playground@1.0.0 tsc: `tsc`
9 verbose stack Exit status 2
9 verbose stack     at EventEmitter.<anonymous> (/Users/tom6947/.nvm/versions/node/v4.4.2/lib/node_modules/npm/lib/utils/lifecycle.js:217:16)
9 verbose stack     at emitTwo (events.js:87:13)
9 verbose stack     at EventEmitter.emit (events.js:172:7)
9 verbose stack     at ChildProcess.<anonymous> (/Users/tom6947/.nvm/versions/node/v4.4.2/lib/node_modules/npm/lib/utils/spawn.js:24:14)
9 verbose stack     at emitTwo (events.js:87:13)
9 verbose stack     at ChildProcess.emit (events.js:172:7)
9 verbose stack     at maybeClose (internal/child_process.js:827:16)
9 verbose stack     at Process.ChildProcess._handle.onexit (internal/child_process.js:211:5)
10 verbose pkgid angular2-esri-playground@1.0.0
11 verbose cwd /Users/tom6947/code/angular2-esri-playground
12 error Darwin 15.4.0
13 error argv "/Users/tom6947/.nvm/versions/node/v4.4.2/bin/node" "/Users/tom6947/.nvm/versions/node/v4.4.2/bin/npm" "run" "tsc"
14 error node v4.4.2
15 error npm  v2.15.0
16 error code ELIFECYCLE
17 error angular2-esri-playground@1.0.0 tsc: `tsc`
17 error Exit status 2
18 error Failed at the angular2-esri-playground@1.0.0 tsc script 'tsc'.
18 error This is most likely a problem with the angular2-esri-playground package,
18 error not with npm itself.
18 error Tell the author that this fails on your system:
18 error     tsc
18 error You can get information on how to open an issue for this project with:
18 error     npm bugs angular2-esri-playground
18 error Or if that isn't available, you can get their info via:
18 error
18 error     npm owner ls angular2-esri-playground
18 error There is likely additional logging output above.
19 verbose exit [ 1, true ]
